2017-10-05 19:25:22,454 [Worker-4] INFO  o.e.m.c.i.l.LifecycleMappingFactory - Using org.maven.ide.eclipse.wtp.WarLifecycleMapping lifecycle mapping for MavenProject: com.inventary:inventary:0.0.1-SNAPSHOT @ /home/dinesh/workspace/Dinesh/master/IMS/pom.xml.
2017-10-05 19:25:23,158 [Worker-4] INFO  o.e.m.j.i.AbstractJavaProjectConfigurator - Adding source folder /IMS/src/main/java
2017-10-05 19:25:23,158 [Worker-4] INFO  o.e.m.j.i.AbstractJavaProjectConfigurator - Adding resource folder /IMS/src/main/resources
2017-10-05 19:25:23,164 [Worker-4] INFO  o.e.m.j.i.AbstractJavaProjectConfigurator - Adding resource folder /IMS/src/main/resources
2017-10-05 19:25:23,169 [Worker-4] INFO  o.e.m.j.i.AbstractJavaProjectConfigurator - Adding source folder /IMS/src/test/java
2017-10-05 19:25:24,578 [Worker-4] INFO  o.e.m.c.i.p.ProjectConfigurationManager - Imported and configured 1 project(s) in 3 sec
2017-10-05 19:25:25,622 [Worker-4] INFO  o.e.m.c.i.embedder.EclipseLogger - Using 'UTF-8' encoding to copy filtered resources.
2017-10-05 19:25:25,626 [Worker-4] INFO  o.e.m.c.i.embedder.EclipseLogger - Copying 1 resource
2017-10-05 19:25:25,638 [Worker-4] INFO  o.e.m.c.i.embedder.EclipseLogger - Copying 253 resources
2017-10-05 19:25:25,658 [Worker-4] INFO  o.e.m.c.i.embedder.EclipseLogger - Using 'UTF-8' encoding to copy filtered resources.
2017-10-05 19:25:25,659 [Worker-4] INFO  o.e.m.c.i.embedder.EclipseLogger - skip non existing resourceDirectory /home/dinesh/workspace/Dinesh/master/IMS/src/test/resources
2017-10-05 19:34:07,329 [Worker-12] INFO  o.e.m.c.i.embedder.EclipseLogger - Using 'UTF-8' encoding to copy filtered resources.
2017-10-05 19:34:07,332 [Worker-12] INFO  o.e.m.c.i.embedder.EclipseLogger - Copying 0 resource
2017-10-05 19:34:07,333 [Worker-12] INFO  o.e.m.c.i.embedder.EclipseLogger - Copying 0 resource
2017-10-05 19:34:07,337 [Worker-12] INFO  o.e.m.c.i.embedder.EclipseLogger - Using 'UTF-8' encoding to copy filtered resources.
2017-10-05 19:34:07,337 [Worker-12] INFO  o.e.m.c.i.embedder.EclipseLogger - skip non existing resourceDirectory /home/dinesh/workspace/Dinesh/master/IMS/src/test/resources
2017-10-05 20:21:28,078 [Worker-30] INFO  o.e.m.c.i.embedder.EclipseLogger - Using 'UTF-8' encoding to copy filtered resources.
2017-10-05 20:21:28,080 [Worker-30] INFO  o.e.m.c.i.embedder.EclipseLogger - Copying 0 resource
2017-10-05 20:21:28,082 [Worker-30] INFO  o.e.m.c.i.embedder.EclipseLogger - Copying 0 resource
2017-10-05 20:21:28,087 [Worker-30] INFO  o.e.m.c.i.embedder.EclipseLogger - Using 'UTF-8' encoding to copy filtered resources.
2017-10-05 20:21:28,087 [Worker-30] INFO  o.e.m.c.i.embedder.EclipseLogger - skip non existing resourceDirectory /home/dinesh/workspace/Dinesh/master/IMS/src/test/resources
2017-10-05 22:28:22,137 [Worker-2] INFO  o.e.m.c.i.embedder.EclipseLogger - Using 'UTF-8' encoding to copy filtered resources.
2017-10-05 22:28:22,147 [Worker-2] INFO  o.e.m.c.i.embedder.EclipseLogger - Copying 1 resource
2017-10-05 22:28:22,164 [Worker-2] INFO  o.e.m.c.i.embedder.EclipseLogger - Copying 253 resources
2017-10-05 22:28:22,170 [Worker-2] INFO  o.e.m.c.i.embedder.EclipseLogger - Using 'UTF-8' encoding to copy filtered resources.
2017-10-05 22:28:22,171 [Worker-2] INFO  o.e.m.c.i.embedder.EclipseLogger - skip non existing resourceDirectory /home/dinesh/workspace/Dinesh/master/IMS/src/test/resources
2017-10-05 23:41:09,418 [Worker-42] INFO  o.e.m.c.i.embedder.EclipseLogger - Using 'UTF-8' encoding to copy filtered resources.
2017-10-05 23:41:09,435 [Worker-42] INFO  o.e.m.c.i.embedder.EclipseLogger - Copying 0 resource
2017-10-05 23:41:09,470 [Worker-42] INFO  o.e.m.c.i.embedder.EclipseLogger - Copying 7498 resources
2017-10-05 23:41:10,016 [Worker-42] INFO  o.e.m.c.i.embedder.EclipseLogger - Using 'UTF-8' encoding to copy filtered resources.
2017-10-05 23:41:10,016 [Worker-42] INFO  o.e.m.c.i.embedder.EclipseLogger - skip non existing resourceDirectory /home/dinesh/workspace/Dinesh/master/IMS/src/test/resources
